#
# There is insufficient memory for the Java Runtime Environment to continue.
# Native memory allocation (malloc) failed to allocate 1048576 bytes for AllocateHeap
# Possible reasons:
#   The system is out of physical RAM or swap space
#   The process is running with CompressedOops enabled, and the Java Heap may be blocking the growth of the native heap
# Possible solutions:
#   Reduce memory load on the system
#   Increase physical memory or swap space
#   Check if swap backing store is full
#   Decrease Java heap size (-Xmx/-Xms)
#   Decrease number of Java threads
#   Decrease Java thread stack sizes (-Xss)
#   Set larger code cache with -XX:ReservedCodeCacheSize=
#   JVM is running with Zero Based Compressed Oops mode in which the Java heap is
#     placed in the first 32GB address space. The Java Heap base address is the
#     maximum limit for the native heap growth. Please use -XX:HeapBaseMinAddress
#     to set the Java Heap base and to place the Java Heap above 32GB virtual address.
# This output file may be truncated or incomplete.
#
#  Out of Memory Error (memory/allocation.inline.hpp:61), pid=31452, tid=0x0000000000005d44
#
# JRE version:  (8.0_201-b09) (build )
# Java VM: Java HotSpot(TM) 64-Bit Server VM (25.201-b09 mixed mode windows-amd64 compressed oops)
# Failed to write core dump. Minidumps are not enabled by default on client versions of Windows
#

---------------  T H R E A D  ---------------

Current thread (0x000000000338e800):  JavaThread "Unknown thread" [_thread_in_vm, id=23876, stack(0x0000000003020000,0x0000000003120000)]

Stack: [0x0000000003020000,0x0000000003120000]
[error occurred during error reporting (printing stack bounds), id 0xc0000005]

Native frames: (J=compiled Java code, j=interpreted, Vv=VM code, C=native code)


---------------  P R O C E S S  ---------------

Java Threads: ( => current thread )

Other Threads:

=>0x000000000338e800 (exited) JavaThread "Unknown thread" [_thread_in_vm, id=23876, stack(0x0000000003020000,0x0000000003120000)]

VM state:not at safepoint (normal execution)

VM Mutex/Monitor currently owned by a thread: None

heap address: 0x00000006c2200000, size: 4062 MB, Compressed Oops mode: Zero based, Oop shift amount: 3
Narrow klass base: 0x0000000000000000, Narrow klass shift: 3
Compressed class space size: 1073741824 Address: 0x00000007c0000000

Heap:
 PSYoungGen      total 75776K, used 1300K [0x000000076b600000, 0x0000000770a80000, 0x00000007c0000000)
  eden space 65024K, 2% used [0x000000076b600000,0x000000076b7451f8,0x000000076f580000)
  from space 10752K, 0% used [0x0000000770000000,0x0000000770000000,0x0000000770a80000)
  to   space 10752K, 0% used [0x000000076f580000,0x000000076f580000,0x0000000770000000)
 ParOldGen       total 173568K, used 0K [0x00000006c2200000, 0x00000006ccb80000, 0x000000076b600000)
  object space 173568K, 0% used [0x00000006c2200000,0x00000006c2200000,0x00000006ccb80000)
 Metaspace       used 751K, capacity 4480K, committed 4480K, reserved 1056768K
  class space    used 76K, capacity 384K, committed 384K, reserved 1048576K

Card table byte_map: [0x0000000012750000,0x0000000012f40000] byte_map_base: 0x000000000f13f000

Marking Bits: (ParMarkBitMap*) 0x0000000075204ce0
 Begin Bits: [0x0000000013c90000, 0x0000000017c08000)
 End Bits:   [0x0000000017c08000, 0x000000001bb80000)

Polling page: 0x00000000017e0000

CodeCache: size=245760Kb used=328Kb max_used=328Kb free=245431Kb
 bounds [0x0000000003390000, 0x0000000003600000, 0x0000000012390000]
 total_blobs=58 nmethods=0 adapters=38
 compilation: enabled

Compilation events (0 events):
No events

GC Heap History (0 events):
No events

Deoptimization events (0 events):
No events

Classes redefined (0 events):
No events

Internal exceptions (0 events):
No events

Events (10 events):
Event: 0.022 loading class java/lang/Short
Event: 0.022 loading class java/lang/Short done
Event: 0.022 loading class java/lang/Integer
Event: 0.022 loading class java/lang/Integer done
Event: 0.022 loading class java/lang/Long
Event: 0.022 loading class java/lang/Long done
Event: 0.023 loading class java/lang/NullPointerException
Event: 0.023 loading class java/lang/NullPointerException done
Event: 0.023 loading class java/lang/ArithmeticException
Event: 0.023 loading class java/lang/ArithmeticException done


Dynamic libraries:
0x00007ff7d8e20000 - 0x00007ff7d8e57000 	C:\Program Files\Java\jre1.8.0_201\bin\javaw.exe
0x00007ff8d5790000 - 0x00007ff8d5985000 	C:\WINDOWS\SYSTEM32\ntdll.dll
0x00007ff8d37f0000 - 0x00007ff8d38ad000 	C:\WINDOWS\System32\KERNEL32.DLL
0x00007ff8d3520000 - 0x00007ff8d37e9000 	C:\WINDOWS\System32\KERNELBASE.dll
0x00007ff8d5470000 - 0x00007ff8d551c000 	C:\WINDOWS\System32\ADVAPI32.dll
0x00007ff8d55e0000 - 0x00007ff8d567e000 	C:\WINDOWS\System32\msvcrt.dll
0x00007ff8d56b0000 - 0x00007ff8d574b000 	C:\WINDOWS\System32\sechost.dll
0x00007ff8d4490000 - 0x00007ff8d45ba000 	C:\WINDOWS\System32\RPCRT4.dll
0x00007ff8d4260000 - 0x00007ff8d4400000 	C:\WINDOWS\System32\USER32.dll
0x00007ff8d34c0000 - 0x00007ff8d34e2000 	C:\WINDOWS\System32\win32u.dll
0x00007ff8d4850000 - 0x00007ff8d487a000 	C:\WINDOWS\System32\GDI32.dll
0x00007ff8d31b0000 - 0x00007ff8d32bb000 	C:\WINDOWS\System32\gdi32full.dll
0x00007ff8d32c0000 - 0x00007ff8d335d000 	C:\WINDOWS\System32\msvcp_win.dll
0x00007ff8d3060000 - 0x00007ff8d3160000 	C:\WINDOWS\System32\ucrtbase.dll
0x00007ff8bc340000 - 0x00007ff8bc5da000 	C:\WINDOWS\WinSxS\amd64_microsoft.windows.common-controls_6595b64144ccf1df_6.0.19041.1110_none_60b5254171f9507e\COMCTL32.dll
0x00007ff8d5680000 - 0x00007ff8d56b0000 	C:\WINDOWS\System32\IMM32.DLL
0x0000000073dc0000 - 0x0000000073e91000 	C:\Program Files\Java\jre1.8.0_201\bin\msvcr100.dll
0x00000000749e0000 - 0x0000000075284000 	C:\Program Files\Java\jre1.8.0_201\bin\server\jvm.dll
0x00007ff8d52a0000 - 0x00007ff8d52a8000 	C:\WINDOWS\System32\PSAPI.DLL
0x00007ff8b9f60000 - 0x00007ff8b9f69000 	C:\WINDOWS\SYSTEM32\WSOCK32.dll
0x00007ff8ba2a0000 - 0x00007ff8ba2c7000 	C:\WINDOWS\SYSTEM32\WINMM.dll
0x00007ff8beef0000 - 0x00007ff8beefa000 	C:\WINDOWS\SYSTEM32\VERSION.dll
0x00007ff8d47c0000 - 0x00007ff8d482b000 	C:\WINDOWS\System32\WS2_32.dll
0x00007ff8ccbf0000 - 0x00007ff8ccbff000 	C:\Program Files\Java\jre1.8.0_201\bin\verify.dll
0x00007ff8c9f30000 - 0x00007ff8c9f59000 	C:\Program Files\Java\jre1.8.0_201\bin\java.dll
0x00007ff8ca6f0000 - 0x00007ff8ca706000 	C:\Program Files\Java\jre1.8.0_201\bin\zip.dll

VM Arguments:
jvm_args: -Dfile.encoding=Cp1252 
java_command: Thread.Example1
java_class_path (initial): C:\Users\nishantvaishla\Documents\workspace-spring-tool-suite-4-4.3.2.RELEASE\DataStrcucture\bin
Launcher Type: SUN_STANDARD

Environment Variables:
JAVA_HOME=C:\Program Files\Java\jdk1.8.0_201\
PATH=C:/Program Files/Java/jre1.8.0_201/bin/server;C:/Program Files/Java/jre1.8.0_201/bin;C:/Program Files/Java/jre1.8.0_201/lib/amd64;C:\Program Files (x86)\Common Files\Oracle\Java\javapath;C:\Program Files (x86)\Intel\Intel(R) Management Engine Components\iCLS\;C:\Program Files\Intel\Intel(R) Management Engine Components\iCLS\;C:\WINDOWS\system32;C:\WINDOWS;C:\WINDOWS\System32\Wbem;C:\WINDOWS\System32\WindowsPowerShell\v1.0\;C:\WINDOWS\System32\OpenSSH\;C:\Program Files (x86)\Intel\Intel(R) Management Engine Components\DAL;C:\Program Files\Intel\Intel(R) Management Engine Components\DAL;C:\Program Files\Intel\WiFi\bin\;C:\Program Files\Common Files\Intel\WirelessCommon\;C:\Program Files\TortoiseSVN\bin;C:\Program Files\dotnet\;C:\Program Files\Microsoft SQL Server\130\Tools\Binn\;C:\Program Files\MySQL\MySQL Utilities 1.6\;C:\Program Files\Microsoft SQL Server\120\Tools\Binn\;C:\Program Files\Microsoft SQL Server\Client SDK\ODBC\110\Tools\Binn\;C:\Program Files (x86)\Microsoft SQL Server\120\Tools\Binn\;C:\Program Files\Microsoft SQL Server\120\DTS\Binn\;C:\Program Files (x86)\Microsoft SQL Server\120\Tools\Binn\ManagementStudio\;C:\Program Files (x86)\Microsoft SQL Server\120\DTS\Binn\;C:\apache-maven-3.6.3\bin;;C:\Program Files\Docker\Docker\resources\bin;C:\ProgramData\DockerDesktop\version-bin;C:\Users\Superuser\.jpm\windows\bin;C:\Program Files\PuTTY\;C:\Program Files\TortoiseGit\bin;C:\Program Files\nodejs\;C:\Users\nishantvaishla\AppData\Local\Microsoft\WindowsApps;C:\Program Files\Java\jdk1.8.0_201\bin;D:\node-v12.10.0-win-x64\node-v12.10.0-win-x64;C:\Users\nishantvaishla\AppData\Local\Programs\Microsoft VS Code\bin;D:\Git\cmd;C:\Program Files\MongoDB\Server\4.2\bin;C:\Users\nishantvaishla\AppData\Local\Microsoft\WindowsApps;C:\Users\nishantvaishla\AppData\Local\JetBrains\IntelliJ IDEA Community Edition 2020.3.2\bin;C:\Users\nishantvaishla\AppData\Roaming\npm;D:\soft-install\spring-tool-suite-4-4.3.2.RELEASE-e4.12.0-win32.win32.x86_64\sts-4.3.2.RELEASE;
USERNAME=nishantvaishla
OS=Windows_NT
PROCESSOR_IDENTIFIER=Intel64 Family 6 Model 142 Stepping 10, GenuineIntel



---------------  S Y S T E M  ---------------

OS: Windows 10.0 , 64 bit Build 19041 (10.0.19041.1151)

CPU:total 8 (initial active 8) (4 cores per cpu, 2 threads per core) family 6 model 142 stepping 10, cmov, cx8, fxsr, mmx, sse, sse2, sse3, ssse3, sse4.1, sse4.2, popcnt, avx, avx2, aes, clmul, erms, rtm, 3dnowpref, lzcnt, ht, tsc, tscinvbit, bmi1, bmi2, adx

Memory: 4k page, physical 16633360k(1020480k free), swap 24394416k(5960k free)

vm_info: Java HotSpot(TM) 64-Bit Server VM (25.201-b09) for windows-amd64 JRE (1.8.0_201-b09), built on Dec 15 2018 18:36:39 by "java_re" with MS VC++ 10.0 (VS2010)

time: Tue Oct 05 16:57:24 2021
timezone: India Standard Time
elapsed time: 0 seconds (0d 0h 0m 0s)

